<?xml version="1.0" encoding="UTF-8"?>
<!-- Generated by org.testng.reporters.JUnitXMLReporter -->
<testsuite hostname="Tumuku" ignored="0" name="Test" tests="5" failures="0" timestamp="2020-06-21T16:15:29 CAT" time="0.246" errors="0">
  <testcase name="ex1" time="0.017" classname="groups.Groupofclass"/>
  <testcase name="ex2" time="0.004" classname="groups.Groupofclass"/>
  <testcase name="ex3" time="0.011" classname="groups.Groupofclass"/>
  <testcase name="ex4" time="0.002" classname="groups.Groupofclass"/>
  <testcase name="ex5" time="0.002" classname="groups.Groupofclass"/>
</testsuite> <!-- Test -->
