<?xml version="1.0" encoding="UTF-8"?>
<testng-results ignored="0" total="1" passed="1" failed="0" skipped="0">
  <reporter-output>
  </reporter-output>
  <suite started-at="2024-08-22T16:24:52 IST" name="Default suite" finished-at="2024-08-22T16:25:11 IST" duration-ms="18864">
    <groups>
    </groups>
    <test started-at="2024-08-22T16:24:52 IST" name="Default test" finished-at="2024-08-22T16:25:11 IST" duration-ms="18864">
      <class name="With_pageobjectmodel.Execution">
        <test-method is-config="true" signature="setup()[pri:0, instance:With_pageobjectmodel.Execution@505fc5a4]" started-at="2024-08-22T16:24:52 IST" name="setup" finished-at="2024-08-22T16:25:08 IST" duration-ms="15618" status="PASS">
          <reporter-output>
          </reporter-output>
        </test-method> <!-- setup -->
        <test-method signature="login()[pri:0, instance:With_pageobjectmodel.Execution@505fc5a4]" started-at="2024-08-22T16:25:08 IST" name="login" finished-at="2024-08-22T16:25:11 IST" duration-ms="3136" status="PASS">
          <reporter-output>
          </reporter-output>
        </test-method> <!-- login -->
      </class> <!-- With_pageobjectmodel.Execution -->
    </test> <!-- Default test -->
  </suite> <!-- Default suite -->
</testng-results>
