<?xml version="1.0" encoding="UTF-8"?>
<!-- Generated by org.testng.reporters.JUnitXMLReporter -->
<testsuite hostname="Tumuku" ignored="0" name="Default test" tests="5" failures="0" timestamp="2021-02-12T11:09:01 IST" time="0.234" errors="0">
  <testcase name="ex1" time="0.016" classname="groups.Groupofclass"/>
  <testcase name="ex2" time="0.001" classname="groups.Groupofclass"/>
  <testcase name="ex3" time="0.001" classname="groups.Groupofclass"/>
  <testcase name="ex4" time="0.001" classname="groups.Groupofclass"/>
  <testcase name="ex5" time="0.001" classname="groups.Groupofclass"/>
</testsuite> <!-- Default test -->
