<?xml version="1.0" encoding="UTF-8"?>
<!-- Generated by org.testng.reporters.JUnitXMLReporter -->
<testsuite ignored="0" hostname="Tumuku" failures="0" tests="5" name="demo group" time="0.196" errors="0" timestamp="2024-08-16T15:10:43 IST">
  <testcase classname="TestNG.groupTestNG_class" name="m1" time="0.023"/>
  <testcase classname="TestNG.groupTestNG_class" name="m11" time="0.004"/>
  <testcase classname="TestNG.groupTestNG_class" name="m2" time="0.004"/>
  <testcase classname="TestNG.second1" name="m2" time="0.006"/>
  <testcase classname="TestNG.second12" name="m2" time="0.006"/>
</testsuite> <!-- demo group -->
