<?xml version="1.0" encoding="UTF-8"?>
<!-- Generated by org.testng.reporters.JUnitXMLReporter -->
<testsuite ignored="0" hostname="Tumuku" failures="0" tests="5" name="Practice Grouping" time="0.128" errors="0" timestamp="2024-08-12T19:26:13 IST">
  <testcase classname="TestNG.Grouping" name="Car1" time="0.01"/>
  <testcase classname="TestNG.Grouping" name="Car2" time="0.004"/>
  <testcase classname="TestNG.Grouping" name="Scooter1" time="0.004"/>
  <testcase classname="TestNG.Grouping" name="Scooter2" time="0.002"/>
  <testcase classname="TestNG.Grouping" name="Sedan1" time="0.002"/>
</testsuite> <!-- Practice Grouping -->
