<?xml version="1.0" encoding="UTF-8"?>
<testng-results ignored="0" total="1" passed="1" failed="0" skipped="0">
  <reporter-output>
  </reporter-output>
  <suite started-at="2024-09-05T17:32:37 IST" name="Default suite" finished-at="2024-09-05T17:32:52 IST" duration-ms="14894">
    <groups>
    </groups>
    <test started-at="2024-09-05T17:32:37 IST" name="Default test" finished-at="2024-09-05T17:32:52 IST" duration-ms="14894">
      <class name="testNG_InterviewQuestiosn.flakyTest">
        <test-method signature="testPageLoad()[pri:0, instance:testNG_InterviewQuestiosn.flakyTest@16612a51]" started-at="2024-09-05T17:32:38 IST" name="testPageLoad" finished-at="2024-09-05T17:32:52 IST" duration-ms="14757" status="PASS">
          <reporter-output>
          </reporter-output>
        </test-method> <!-- testPageLoad -->
      </class> <!-- testNG_InterviewQuestiosn.flakyTest -->
    </test> <!-- Default test -->
  </suite> <!-- Default suite -->
</testng-results>
