<?xml version="1.0" encoding="UTF-8"?>
<!-- Generated by org.testng.reporters.JUnitXMLReporter -->
<testsuite ignored="0" hostname="Tumuku" failures="0" tests="3" name="IETest" time="103.855" errors="0" timestamp="2024-10-08T16:09:09 IST">
  <testcase classname="com.mystore.testcases.LoginPageTest" name="loginTest" time="15.305"/>
  <testcase classname="com.mystore.testcases.LoginPageTest" name="loginTest" time="0.0">
    <skipped/>
  </testcase> <!-- loginTest -->
  <testcase classname="com.mystore.testcases.LoginPageTest" name="loginTest" time="0.0">
    <skipped/>
  </testcase> <!-- loginTest -->
</testsuite> <!-- IETest -->
