<?xml version="1.0" encoding="UTF-8"?>
<!-- Generated by org.testng.reporters.JUnitXMLReporter -->
<testsuite hostname="Tumuku" ignored="10" name="Test1" tests="2" failures="0" timestamp="2020-06-15T15:50:40 CAT" time="162.497" errors="0">
  <testcase name="passCode" time="12.119" classname="pay.Passcode"/>
  <testcase name="pay_IIPForAnExistingBeneficiary" time="101.089" classname="pay.Pay"/>
  <testcase name="paynewbeneficiary" time="0.0" classname="pay.Pay">
    <ignored/>
  </testcase> <!-- paynewbeneficiary -->
  <testcase name="payAnExistingBeneficiary" time="0.0" classname="pay.Pay">
    <ignored/>
  </testcase> <!-- payAnExistingBeneficiary -->
  <testcase name="pay_FutureDatedForAnExistingBeneficiary" time="0.0" classname="pay.Pay">
    <ignored/>
  </testcase> <!-- pay_FutureDatedForAnExistingBeneficiary -->
  <testcase name="PayAbsaListedBeneficiaryOnceOff" time="0.0" classname="pay.Pay">
    <ignored/>
  </testcase> <!-- PayAbsaListedBeneficiaryOnceOff -->
  <testcase name="payment_Details" time="0.0" classname="pay.Pay">
    <ignored/>
  </testcase> <!-- payment_Details -->
  <testcase name="Pay_SomeOne" time="0.0" classname="pay.Pay">
    <ignored/>
  </testcase> <!-- Pay_SomeOne -->
  <testcase name="AbsaListed" time="0.0" classname="pay.Pay">
    <ignored/>
  </testcase> <!-- AbsaListed -->
  <testcase name="PayAbsaListedBeneficiaryNew" time="0.0" classname="pay.Pay">
    <ignored/>
  </testcase> <!-- PayAbsaListedBeneficiaryNew -->
  <testcase name="PayAbsaListedBeneficiaryFutureDated" time="0.0" classname="pay.Pay">
    <ignored/>
  </testcase> <!-- PayAbsaListedBeneficiaryFutureDated -->
  <testcase name="FutureDates" time="0.0" classname="pay.Pay">
    <ignored/>
  </testcase> <!-- FutureDates -->
</testsuite> <!-- Test1 -->
